{"message":"seralizeBook is not defined","level":"error"}
{"message":"serlalizeEntry is not defined","level":"error"}
{"message":"EntriesService.insertentry is not a function","level":"error"}
{"message":"Cannot read property 'entry_id' of undefined","level":"error"}
{"message":"Cannot read property 'entry_id' of undefined","level":"error"}
{"message":"entryToUpdate is not defined","level":"error"}
{"message":"key is not defined","level":"error"}
{"message":"book_id is not defined","level":"error"}
{"message":"knex(...).where(...).patch is not a function","level":"error"}
{"message":"knex(...).where(...).patch is not a function","level":"error"}
{"message":"select * from \"earlybird_books\" where \"book_id\" = $1 limit $2 - invalid input syntax for type uuid: \"8802de502-ca26-11eb-ab59-e7070c872579\"","level":"error"}
{"message":"Invalid status code: {\n  review_id: '3dfcc4fe-ca27-11eb-8928-bb44ee69d4ac',\n  review_book_id: '348d80de-ca27-11eb-8927-f3fb2914502a',\n  review_date_finished: '2021-06-10',\n  review_rating: '5',\n  review_favorite: 'Test review for Book 5',\n  review_dislike: 'test',\n  review_takeaway: 'test',\n  review_notes: 'test',\n  review_recommend: true,\n  review_date_modified: 2021-06-10T20:05:45.744Z\n}","level":"error"}
{"message":"insert into \"earlybird_reviews\" (\"review_book_id\", \"review_date_finished\", \"review_dislike\", \"review_favorite\", \"review_notes\", \"review_rating\", \"review_recommend\", \"review_takeaway\") values ($1, $2, $3, $4, $5, $6, $7, $8) returning * - invalid input syntax for type uuid: \"7252506-ca3e-11eb-b246-03017c820cf0\"","level":"error"}
{"message":"BooksService is not defined","level":"error"}
{"message":"insert into \"earlybird_books\" (\"book_author\", \"book_date_started\", \"book_genre\", \"book_title\") values ($1, $2, $3, $4) returning * - null value in column \"book_finished\" of relation \"earlybird_books\" violates not-null constraint","level":"error"}
{"message":"insert into \"earlybird_books\" (\"book_author\", \"book_date_started\", \"book_genre\", \"book_title\") values ($1, $2, $3, $4) returning * - null value in column \"book_finished\" of relation \"earlybird_books\" violates not-null constraint","level":"error"}
{"message":"insert into \"earlybird_books\" (\"book_author\", \"book_date_started\", \"book_genre\", \"book_title\") values ($1, $2, $3, $4) returning * - null value in column \"book_finished\" of relation \"earlybird_books\" violates not-null constraint","level":"error"}
{"message":"insert into \"earlybird_books\" (\"book_author\", \"book_date_started\", \"book_genre\", \"book_title\") values ($1, $2, $3, $4) returning * - null value in column \"book_finished\" of relation \"earlybird_books\" violates not-null constraint","level":"error"}
{"message":"insert into \"earlybird_books\" (\"book_author\", \"book_date_started\", \"book_genre\", \"book_title\") values ($1, $2, $3, $4) returning * - null value in column \"book_finished\" of relation \"earlybird_books\" violates not-null constraint","level":"error"}
{"message":"insert into \"earlybird_books\" (\"book_author\", \"book_date_started\", \"book_genre\", \"book_title\") values ($1, $2, $3, $4) returning * - null value in column \"book_finished\" of relation \"earlybird_books\" violates not-null constraint","level":"error"}
{"message":"select * from \"earlybird_books\" where \"book_id\" = $1 limit $2 - invalid input syntax for type uuid: \"undefined\"","level":"error"}
{"message":"select * from \"earlybird_books\" where \"book_id\" = $1 limit $2 - invalid input syntax for type uuid: \"undefined\"","level":"error"}
{"message":"select * from \"earlybird_books\" where \"book_id\" = $1 limit $2 - invalid input syntax for type uuid: \"undefined\"","level":"error"}
{"message":"select * from \"earlybird_books\" where \"book_id\" = $1 limit $2 - invalid input syntax for type uuid: \"undefined\"","level":"error"}
{"message":"select * from \"earlybird_books\" where \"book_id\" = $1 limit $2 - invalid input syntax for type uuid: \"undefined\"","level":"error"}
{"message":"insert into \"earlybird_entries\" (\"entry_book_id\", \"entry_category\", \"entry_chapters\", \"entry_notes\", \"entry_pages\", \"entry_quote\", \"entry_title\") values ($1, $2, $3, $4, $5, $6, $7) returning * - insert or update on table \"earlybird_entries\" violates foreign key constraint \"earlybird_entries_entry_book_id_fkey\"","level":"error"}
{"message":"insert into \"earlybird_entries\" (\"entry_book_id\", \"entry_category\", \"entry_chapters\", \"entry_notes\", \"entry_pages\", \"entry_quote\", \"entry_title\") values ($1, $2, $3, $4, $5, $6, $7) returning * - insert or update on table \"earlybird_entries\" violates foreign key constraint \"earlybird_entries_entry_book_id_fkey\"","level":"error"}
{"message":"insert into \"earlybird_entries\" (\"entry_book_id\", \"entry_category\", \"entry_chapters\", \"entry_notes\", \"entry_pages\", \"entry_quote\", \"entry_title\") values ($1, $2, $3, $4, $5, $6, $7) returning * - insert or update on table \"earlybird_entries\" violates foreign key constraint \"earlybird_entries_entry_book_id_fkey\"","level":"error"}
{"message":"insert into \"earlybird_entries\" (\"entry_book_id\", \"entry_category\", \"entry_chapters\", \"entry_notes\", \"entry_pages\", \"entry_quote\", \"entry_title\") values ($1, $2, $3, $4, $5, $6, $7) returning * - insert or update on table \"earlybird_entries\" violates foreign key constraint \"earlybird_entries_entry_book_id_fkey\"","level":"error"}
{"message":"insert into \"earlybird_entries\" (\"entry_book_id\", \"entry_category\", \"entry_chapters\", \"entry_notes\", \"entry_pages\", \"entry_quote\", \"entry_title\") values ($1, $2, $3, $4, $5, $6, $7) returning * - insert or update on table \"earlybird_entries\" violates foreign key constraint \"earlybird_entries_entry_book_id_fkey\"","level":"error"}
{"message":"insert into \"earlybird_entries\" (\"entry_book_id\", \"entry_category\", \"entry_chapters\", \"entry_notes\", \"entry_pages\", \"entry_quote\", \"entry_title\") values ($1, $2, $3, $4, $5, $6, $7) returning * - insert or update on table \"earlybird_entries\" violates foreign key constraint \"earlybird_entries_entry_book_id_fkey\"","level":"error"}
{"message":"insert into \"earlybird_entries\" (\"entry_book_id\", \"entry_category\", \"entry_chapters\", \"entry_notes\", \"entry_pages\", \"entry_quote\", \"entry_title\") values ($1, $2, $3, $4, $5, $6, $7) returning * - insert or update on table \"earlybird_entries\" violates foreign key constraint \"earlybird_entries_entry_book_id_fkey\"","level":"error"}
